[{"line":2,"elements":[{"line":3,"name":"User has logged in staging cicle apps","description":"","type":"background","keyword":"Background","steps":[]},{"start_timestamp":"2022-12-02T03:57:33.508Z","line":12,"name":"Invalid Add ListBoard Empty Name","description":"","id":"test-board-in-staging-cicle-apps;invalid-add-listboard-empty-name","type":"scenario","keyword":"Scenario","steps":[{"result":{"error_message":"org.openqa.selenium.WebDriverException: unknown error: Chrome failed to start: exited normally.\n  (unknown error: DevToolsActivePort file doesn't exist)\n  (The process started from chrome location C:\\Program Files\\Google\\Chrome\\Application\\chrome.exe is no longer running, so ChromeDriver is assuming that Chrome has crashed.)\nBuild info: version: '3.141.59', revision: 'e82be7d358', time: '2018-11-14T08:17:03'\nSystem info: host: 'DESKTOP-8BH271D', ip: '172.20.10.12', os.name: 'Windows 10', os.arch: 'amd64', os.version: '10.0', java.version: '1.8.0_341'\nDriver info: driver.version: ChromeDriver\nremote stacktrace: Backtrace:\n\t(No symbol) [0x0049F243]\n\t(No symbol) [0x00427FD1]\n\t(No symbol) [0x0031D04D]\n\t(No symbol) [0x0033C24E]\n\t(No symbol) [0x003382E9]\n\t(No symbol) [0x0036F056]\n\t(No symbol) [0x0036EB2A]\n\t(No symbol) [0x00368386]\n\t(No symbol) [0x0034163C]\n\t(No symbol) [0x0034269D]\n\tGetHandleVerifier [0x00739A22+2655074]\n\tGetHandleVerifier [0x0072CA24+2601828]\n\tGetHandleVerifier [0x00548C0A+619850]\n\tGetHandleVerifier [0x00547830+614768]\n\t(No symbol) [0x004305FC]\n\t(No symbol) [0x00435968]\n\t(No symbol) [0x00435A55]\n\t(No symbol) [0x0044051B]\n\tBaseThreadInitThunk [0x75B3FEF9+25]\n\tRtlGetAppContainerNamedObjectPath [0x77187BBE+286]\n\tRtlGetAppContainerNamedObjectPath [0x77187B8E+238]\n\r\n\tat sun.reflect.NativeConstructorAccessorImpl.newInstance0(Native Method)\r\n\tat sun.reflect.NativeConstructorAccessorImpl.newInstance(NativeConstructorAccessorImpl.java:62)\r\n\tat sun.reflect.DelegatingConstructorAccessorImpl.newInstance(DelegatingConstructorAccessorImpl.java:45)\r\n\tat java.lang.reflect.Constructor.newInstance(Constructor.java:423)\r\n\tat org.openqa.selenium.remote.W3CHandshakeResponse.lambda$errorHandler$0(W3CHandshakeResponse.java:62)\r\n\tat org.openqa.selenium.remote.HandshakeResponse.lambda$getResponseFunction$0(HandshakeResponse.java:30)\r\n\tat org.openqa.selenium.remote.ProtocolHandshake.lambda$createSession$0(ProtocolHandshake.java:126)\r\n\tat java.util.stream.ReferencePipeline$3$1.accept(ReferencePipeline.java:193)\r\n\tat java.util.Spliterators$ArraySpliterator.tryAdvance(Spliterators.java:958)\r\n\tat java.util.stream.ReferencePipeline.forEachWithCancel(ReferencePipeline.java:126)\r\n\tat java.util.stream.AbstractPipeline.copyIntoWithCancel(AbstractPipeline.java:499)\r\n\tat java.util.stream.AbstractPipeline.copyInto(AbstractPipeline.java:486)\r\n\tat java.util.stream.AbstractPipeline.wrapAndCopyInto(AbstractPipeline.java:472)\r\n\tat java.util.stream.FindOps$FindOp.evaluateSequential(FindOps.java:152)\r\n\tat java.util.stream.AbstractPipeline.evaluate(AbstractPipeline.java:234)\r\n\tat java.util.stream.ReferencePipeline.findFirst(ReferencePipeline.java:464)\r\n\tat org.openqa.selenium.remote.ProtocolHandshake.createSession(ProtocolHandshake.java:128)\r\n\tat org.openqa.selenium.remote.ProtocolHandshake.createSession(ProtocolHandshake.java:74)\r\n\tat org.openqa.selenium.remote.HttpCommandExecutor.execute(HttpCommandExecutor.java:136)\r\n\tat org.openqa.selenium.remote.service.DriverCommandExecutor.execute(DriverCommandExecutor.java:83)\r\n\tat org.openqa.selenium.remote.RemoteWebDriver.execute(RemoteWebDriver.java:552)\r\n\tat org.openqa.selenium.remote.RemoteWebDriver.startSession(RemoteWebDriver.java:213)\r\n\tat org.openqa.selenium.remote.RemoteWebDriver.<init>(RemoteWebDriver.java:131)\r\n\tat org.openqa.selenium.chrome.ChromeDriver.<init>(ChromeDriver.java:181)\r\n\tat org.openqa.selenium.chrome.ChromeDriver.<init>(ChromeDriver.java:168)\r\n\tat org.openqa.selenium.chrome.ChromeDriver.<init>(ChromeDriver.java:157)\r\n\tat com.qori.base.TestBase.initialization(TestBase.java:47)\r\n\tat stepDev.stepBoard.userNavigateToBoardMenu(stepBoard.java:18)\r\n\tat ✽.User navigate to board menu(file:///D:/Qori/QA/JAVA/Maven/bigproject-cilsy/src/test/resources/features/board.feature:13)\r\n","duration":1824000000,"status":"failed"},"line":13,"name":"User navigate to board menu","match":{"location":"stepDev.stepBoard.userNavigateToBoardMenu()"},"keyword":"Given "},{"result":{"duration":2000000,"status":"skipped"},"line":14,"name":"User click add list","match":{"location":"stepDev.stepBoard.userClickAddList()"},"keyword":"When "},{"result":{"duration":1000000,"status":"skipped"},"line":15,"name":"User click button create board","match":{"location":"stepDev.stepBoard.userClickButtonCreateBoard()"},"keyword":"And "},{"result":{"duration":1000000,"status":"skipped"},"line":16,"name":"User failed add listboard","match":{"location":"stepDev.stepBoard.userFailedAddListboard()"},"keyword":"Then "}],"tags":[{"name":"@Test-Board"},{"name":"@TC-32-Invalid-add-listboard-empty-name"}]},{"line":3,"name":"User has logged in staging cicle apps","description":"","type":"background","keyword":"Background","steps":[]},{"start_timestamp":"2022-12-02T03:57:35.551Z","line":20,"name":"Add list board","description":"","id":"test-board-in-staging-cicle-apps;add-list-board","type":"scenario","keyword":"Scenario","steps":[{"result":{"error_message":"org.openqa.selenium.WebDriverException: unknown error: Chrome failed to start: exited normally.\n  (unknown error: DevToolsActivePort file doesn't exist)\n  (The process started from chrome location C:\\Program Files\\Google\\Chrome\\Application\\chrome.exe is no longer running, so ChromeDriver is assuming that Chrome has crashed.)\nBuild info: version: '3.141.59', revision: 'e82be7d358', time: '2018-11-14T08:17:03'\nSystem info: host: 'DESKTOP-8BH271D', ip: '172.20.10.12', os.name: 'Windows 10', os.arch: 'amd64', os.version: '10.0', java.version: '1.8.0_341'\nDriver info: driver.version: ChromeDriver\nremote stacktrace: Backtrace:\n\t(No symbol) [0x0049F243]\n\t(No symbol) [0x00427FD1]\n\t(No symbol) [0x0031D04D]\n\t(No symbol) [0x0033C24E]\n\t(No symbol) [0x003382E9]\n\t(No symbol) [0x0036F056]\n\t(No symbol) [0x0036EB2A]\n\t(No symbol) [0x00368386]\n\t(No symbol) [0x0034163C]\n\t(No symbol) [0x0034269D]\n\tGetHandleVerifier [0x00739A22+2655074]\n\tGetHandleVerifier [0x0072CA24+2601828]\n\tGetHandleVerifier [0x00548C0A+619850]\n\tGetHandleVerifier [0x00547830+614768]\n\t(No symbol) [0x004305FC]\n\t(No symbol) [0x00435968]\n\t(No symbol) [0x00435A55]\n\t(No symbol) [0x0044051B]\n\tBaseThreadInitThunk [0x75B3FEF9+25]\n\tRtlGetAppContainerNamedObjectPath [0x77187BBE+286]\n\tRtlGetAppContainerNamedObjectPath [0x77187B8E+238]\n\r\n\tat sun.reflect.NativeConstructorAccessorImpl.newInstance0(Native Method)\r\n\tat sun.reflect.NativeConstructorAccessorImpl.newInstance(NativeConstructorAccessorImpl.java:62)\r\n\tat sun.reflect.DelegatingConstructorAccessorImpl.newInstance(DelegatingConstructorAccessorImpl.java:45)\r\n\tat java.lang.reflect.Constructor.newInstance(Constructor.java:423)\r\n\tat org.openqa.selenium.remote.W3CHandshakeResponse.lambda$errorHandler$0(W3CHandshakeResponse.java:62)\r\n\tat org.openqa.selenium.remote.HandshakeResponse.lambda$getResponseFunction$0(HandshakeResponse.java:30)\r\n\tat org.openqa.selenium.remote.ProtocolHandshake.lambda$createSession$0(ProtocolHandshake.java:126)\r\n\tat java.util.stream.ReferencePipeline$3$1.accept(ReferencePipeline.java:193)\r\n\tat java.util.Spliterators$ArraySpliterator.tryAdvance(Spliterators.java:958)\r\n\tat java.util.stream.ReferencePipeline.forEachWithCancel(ReferencePipeline.java:126)\r\n\tat java.util.stream.AbstractPipeline.copyIntoWithCancel(AbstractPipeline.java:499)\r\n\tat java.util.stream.AbstractPipeline.copyInto(AbstractPipeline.java:486)\r\n\tat java.util.stream.AbstractPipeline.wrapAndCopyInto(AbstractPipeline.java:472)\r\n\tat java.util.stream.FindOps$FindOp.evaluateSequential(FindOps.java:152)\r\n\tat java.util.stream.AbstractPipeline.evaluate(AbstractPipeline.java:234)\r\n\tat java.util.stream.ReferencePipeline.findFirst(ReferencePipeline.java:464)\r\n\tat org.openqa.selenium.remote.ProtocolHandshake.createSession(ProtocolHandshake.java:128)\r\n\tat org.openqa.selenium.remote.ProtocolHandshake.createSession(ProtocolHandshake.java:74)\r\n\tat org.openqa.selenium.remote.HttpCommandExecutor.execute(HttpCommandExecutor.java:136)\r\n\tat org.openqa.selenium.remote.service.DriverCommandExecutor.execute(DriverCommandExecutor.java:83)\r\n\tat org.openqa.selenium.remote.RemoteWebDriver.execute(RemoteWebDriver.java:552)\r\n\tat org.openqa.selenium.remote.RemoteWebDriver.startSession(RemoteWebDriver.java:213)\r\n\tat org.openqa.selenium.remote.RemoteWebDriver.<init>(RemoteWebDriver.java:131)\r\n\tat org.openqa.selenium.chrome.ChromeDriver.<init>(ChromeDriver.java:181)\r\n\tat org.openqa.selenium.chrome.ChromeDriver.<init>(ChromeDriver.java:168)\r\n\tat org.openqa.selenium.chrome.ChromeDriver.<init>(ChromeDriver.java:157)\r\n\tat com.qori.base.TestBase.initialization(TestBase.java:47)\r\n\tat stepDev.stepBoard.userNavigateToBoardMenu(stepBoard.java:18)\r\n\tat ✽.User navigate to board menu(file:///D:/Qori/QA/JAVA/Maven/bigproject-cilsy/src/test/resources/features/board.feature:21)\r\n","duration":1580000000,"status":"failed"},"line":21,"name":"User navigate to board menu","match":{"location":"stepDev.stepBoard.userNavigateToBoardMenu()"},"keyword":"Given "},{"result":{"duration":1000000,"status":"skipped"},"line":22,"name":"User click add list","match":{"location":"stepDev.stepBoard.userClickAddList()"},"keyword":"When "},{"result":{"duration":1000000,"status":"skipped"},"line":23,"name":"User input listname","match":{"location":"stepDev.stepBoard.userInputListname()"},"keyword":"And "},{"result":{"duration":1000000,"status":"skipped"},"line":24,"name":"User click button create board","match":{"location":"stepDev.stepBoard.userClickButtonCreateBoard()"},"keyword":"And "},{"result":{"duration":1000000,"status":"skipped"},"line":25,"name":"User successfully add list board","match":{"location":"stepDev.stepBoard.userSuccessfullyAddListBoard()"},"keyword":"Then "}],"tags":[{"name":"@Test-Board"},{"name":"@TC-33-Add-listboard"}]},{"line":3,"name":"User has logged in staging cicle apps","description":"","type":"background","keyword":"Background","steps":[]},{"start_timestamp":"2022-12-02T03:57:37.175Z","line":29,"name":"Invalid add card","description":"","id":"test-board-in-staging-cicle-apps;invalid-add-card","type":"scenario","keyword":"Scenario","steps":[{"result":{"error_message":"org.openqa.selenium.WebDriverException: unknown error: Chrome failed to start: exited normally.\n  (unknown error: DevToolsActivePort file doesn't exist)\n  (The process started from chrome location C:\\Program Files\\Google\\Chrome\\Application\\chrome.exe is no longer running, so ChromeDriver is assuming that Chrome has crashed.)\nBuild info: version: '3.141.59', revision: 'e82be7d358', time: '2018-11-14T08:17:03'\nSystem info: host: 'DESKTOP-8BH271D', ip: '172.20.10.12', os.name: 'Windows 10', os.arch: 'amd64', os.version: '10.0', java.version: '1.8.0_341'\nDriver info: driver.version: ChromeDriver\nremote stacktrace: Backtrace:\n\t(No symbol) [0x0049F243]\n\t(No symbol) [0x00427FD1]\n\t(No symbol) [0x0031D04D]\n\t(No symbol) [0x0033C24E]\n\t(No symbol) [0x003382E9]\n\t(No symbol) [0x0036F056]\n\t(No symbol) [0x0036EB2A]\n\t(No symbol) [0x00368386]\n\t(No symbol) [0x0034163C]\n\t(No symbol) [0x0034269D]\n\tGetHandleVerifier [0x00739A22+2655074]\n\tGetHandleVerifier [0x0072CA24+2601828]\n\tGetHandleVerifier [0x00548C0A+619850]\n\tGetHandleVerifier [0x00547830+614768]\n\t(No symbol) [0x004305FC]\n\t(No symbol) [0x00435968]\n\t(No symbol) [0x00435A55]\n\t(No symbol) [0x0044051B]\n\tBaseThreadInitThunk [0x75B3FEF9+25]\n\tRtlGetAppContainerNamedObjectPath [0x77187BBE+286]\n\tRtlGetAppContainerNamedObjectPath [0x77187B8E+238]\n\r\n\tat sun.reflect.NativeConstructorAccessorImpl.newInstance0(Native Method)\r\n\tat sun.reflect.NativeConstructorAccessorImpl.newInstance(NativeConstructorAccessorImpl.java:62)\r\n\tat sun.reflect.DelegatingConstructorAccessorImpl.newInstance(DelegatingConstructorAccessorImpl.java:45)\r\n\tat java.lang.reflect.Constructor.newInstance(Constructor.java:423)\r\n\tat org.openqa.selenium.remote.W3CHandshakeResponse.lambda$errorHandler$0(W3CHandshakeResponse.java:62)\r\n\tat org.openqa.selenium.remote.HandshakeResponse.lambda$getResponseFunction$0(HandshakeResponse.java:30)\r\n\tat org.openqa.selenium.remote.ProtocolHandshake.lambda$createSession$0(ProtocolHandshake.java:126)\r\n\tat java.util.stream.ReferencePipeline$3$1.accept(ReferencePipeline.java:193)\r\n\tat java.util.Spliterators$ArraySpliterator.tryAdvance(Spliterators.java:958)\r\n\tat java.util.stream.ReferencePipeline.forEachWithCancel(ReferencePipeline.java:126)\r\n\tat java.util.stream.AbstractPipeline.copyIntoWithCancel(AbstractPipeline.java:499)\r\n\tat java.util.stream.AbstractPipeline.copyInto(AbstractPipeline.java:486)\r\n\tat java.util.stream.AbstractPipeline.wrapAndCopyInto(AbstractPipeline.java:472)\r\n\tat java.util.stream.FindOps$FindOp.evaluateSequential(FindOps.java:152)\r\n\tat java.util.stream.AbstractPipeline.evaluate(AbstractPipeline.java:234)\r\n\tat java.util.stream.ReferencePipeline.findFirst(ReferencePipeline.java:464)\r\n\tat org.openqa.selenium.remote.ProtocolHandshake.createSession(ProtocolHandshake.java:128)\r\n\tat org.openqa.selenium.remote.ProtocolHandshake.createSession(ProtocolHandshake.java:74)\r\n\tat org.openqa.selenium.remote.HttpCommandExecutor.execute(HttpCommandExecutor.java:136)\r\n\tat org.openqa.selenium.remote.service.DriverCommandExecutor.execute(DriverCommandExecutor.java:83)\r\n\tat org.openqa.selenium.remote.RemoteWebDriver.execute(RemoteWebDriver.java:552)\r\n\tat org.openqa.selenium.remote.RemoteWebDriver.startSession(RemoteWebDriver.java:213)\r\n\tat org.openqa.selenium.remote.RemoteWebDriver.<init>(RemoteWebDriver.java:131)\r\n\tat org.openqa.selenium.chrome.ChromeDriver.<init>(ChromeDriver.java:181)\r\n\tat org.openqa.selenium.chrome.ChromeDriver.<init>(ChromeDriver.java:168)\r\n\tat org.openqa.selenium.chrome.ChromeDriver.<init>(ChromeDriver.java:157)\r\n\tat com.qori.base.TestBase.initialization(TestBase.java:47)\r\n\tat stepDev.stepBoard.userNavigateToBoardMenu(stepBoard.java:18)\r\n\tat ✽.User navigate to board menu(file:///D:/Qori/QA/JAVA/Maven/bigproject-cilsy/src/test/resources/features/board.feature:30)\r\n","duration":1170000000,"status":"failed"},"line":30,"name":"User navigate to board menu","match":{"location":"stepDev.stepBoard.userNavigateToBoardMenu()"},"keyword":"Given "},{"result":{"duration":1000000,"status":"skipped"},"line":31,"name":"User click add card","match":{"location":"stepDev.stepBoard.userClickAddCard()"},"keyword":"When "},{"result":{"status":"skipped"},"line":32,"name":"User click button create card","match":{"location":"stepDev.stepBoard.userClickButtonCreateCard()"},"keyword":"And "},{"result":{"status":"skipped"},"line":33,"name":"User failed add card","match":{"location":"stepDev.stepBoard.userFailedAddCard()"},"keyword":"Then "}],"tags":[{"name":"@Test-Board"},{"name":"@TC-34-Invalid-add-card"}]},{"line":3,"name":"User has logged in staging cicle apps","description":"","type":"background","keyword":"Background","steps":[]},{"start_timestamp":"2022-12-02T03:57:38.371Z","line":37,"name":"Add card success","description":"","id":"test-board-in-staging-cicle-apps;add-card-success","type":"scenario","keyword":"Scenario","steps":[{"result":{"error_message":"org.openqa.selenium.WebDriverException: unknown error: Chrome failed to start: exited normally.\n  (unknown error: DevToolsActivePort file doesn't exist)\n  (The process started from chrome location C:\\Program Files\\Google\\Chrome\\Application\\chrome.exe is no longer running, so ChromeDriver is assuming that Chrome has crashed.)\nBuild info: version: '3.141.59', revision: 'e82be7d358', time: '2018-11-14T08:17:03'\nSystem info: host: 'DESKTOP-8BH271D', ip: '172.20.10.12', os.name: 'Windows 10', os.arch: 'amd64', os.version: '10.0', java.version: '1.8.0_341'\nDriver info: driver.version: ChromeDriver\nremote stacktrace: Backtrace:\n\t(No symbol) [0x0049F243]\n\t(No symbol) [0x00427FD1]\n\t(No symbol) [0x0031D04D]\n\t(No symbol) [0x0033C24E]\n\t(No symbol) [0x003382E9]\n\t(No symbol) [0x0036F056]\n\t(No symbol) [0x0036EB2A]\n\t(No symbol) [0x00368386]\n\t(No symbol) [0x0034163C]\n\t(No symbol) [0x0034269D]\n\tGetHandleVerifier [0x00739A22+2655074]\n\tGetHandleVerifier [0x0072CA24+2601828]\n\tGetHandleVerifier [0x00548C0A+619850]\n\tGetHandleVerifier [0x00547830+614768]\n\t(No symbol) [0x004305FC]\n\t(No symbol) [0x00435968]\n\t(No symbol) [0x00435A55]\n\t(No symbol) [0x0044051B]\n\tBaseThreadInitThunk [0x75B3FEF9+25]\n\tRtlGetAppContainerNamedObjectPath [0x77187BBE+286]\n\tRtlGetAppContainerNamedObjectPath [0x77187B8E+238]\n\r\n\tat sun.reflect.NativeConstructorAccessorImpl.newInstance0(Native Method)\r\n\tat sun.reflect.NativeConstructorAccessorImpl.newInstance(NativeConstructorAccessorImpl.java:62)\r\n\tat sun.reflect.DelegatingConstructorAccessorImpl.newInstance(DelegatingConstructorAccessorImpl.java:45)\r\n\tat java.lang.reflect.Constructor.newInstance(Constructor.java:423)\r\n\tat org.openqa.selenium.remote.W3CHandshakeResponse.lambda$errorHandler$0(W3CHandshakeResponse.java:62)\r\n\tat org.openqa.selenium.remote.HandshakeResponse.lambda$getResponseFunction$0(HandshakeResponse.java:30)\r\n\tat org.openqa.selenium.remote.ProtocolHandshake.lambda$createSession$0(ProtocolHandshake.java:126)\r\n\tat java.util.stream.ReferencePipeline$3$1.accept(ReferencePipeline.java:193)\r\n\tat java.util.Spliterators$ArraySpliterator.tryAdvance(Spliterators.java:958)\r\n\tat java.util.stream.ReferencePipeline.forEachWithCancel(ReferencePipeline.java:126)\r\n\tat java.util.stream.AbstractPipeline.copyIntoWithCancel(AbstractPipeline.java:499)\r\n\tat java.util.stream.AbstractPipeline.copyInto(AbstractPipeline.java:486)\r\n\tat java.util.stream.AbstractPipeline.wrapAndCopyInto(AbstractPipeline.java:472)\r\n\tat java.util.stream.FindOps$FindOp.evaluateSequential(FindOps.java:152)\r\n\tat java.util.stream.AbstractPipeline.evaluate(AbstractPipeline.java:234)\r\n\tat java.util.stream.ReferencePipeline.findFirst(ReferencePipeline.java:464)\r\n\tat org.openqa.selenium.remote.ProtocolHandshake.createSession(ProtocolHandshake.java:128)\r\n\tat org.openqa.selenium.remote.ProtocolHandshake.createSession(ProtocolHandshake.java:74)\r\n\tat org.openqa.selenium.remote.HttpCommandExecutor.execute(HttpCommandExecutor.java:136)\r\n\tat org.openqa.selenium.remote.service.DriverCommandExecutor.execute(DriverCommandExecutor.java:83)\r\n\tat org.openqa.selenium.remote.RemoteWebDriver.execute(RemoteWebDriver.java:552)\r\n\tat org.openqa.selenium.remote.RemoteWebDriver.startSession(RemoteWebDriver.java:213)\r\n\tat org.openqa.selenium.remote.RemoteWebDriver.<init>(RemoteWebDriver.java:131)\r\n\tat org.openqa.selenium.chrome.ChromeDriver.<init>(ChromeDriver.java:181)\r\n\tat org.openqa.selenium.chrome.ChromeDriver.<init>(ChromeDriver.java:168)\r\n\tat org.openqa.selenium.chrome.ChromeDriver.<init>(ChromeDriver.java:157)\r\n\tat com.qori.base.TestBase.initialization(TestBase.java:47)\r\n\tat stepDev.stepBoard.userNavigateToBoardMenu(stepBoard.java:18)\r\n\tat ✽.User navigate to board menu(file:///D:/Qori/QA/JAVA/Maven/bigproject-cilsy/src/test/resources/features/board.feature:38)\r\n","duration":1225000000,"status":"failed"},"line":38,"name":"User navigate to board menu","match":{"location":"stepDev.stepBoard.userNavigateToBoardMenu()"},"keyword":"Given "},{"result":{"duration":1000000,"status":"skipped"},"line":39,"name":"User click add card","match":{"location":"stepDev.stepBoard.userClickAddCard()"},"keyword":"When "},{"result":{"duration":1000000,"status":"skipped"},"line":40,"name":"User input name card","match":{"location":"stepDev.stepBoard.userInputNameCard()"},"keyword":"And "},{"result":{"status":"skipped"},"line":41,"name":"User click button create card","match":{"location":"stepDev.stepBoard.userClickButtonCreateCard()"},"keyword":"And "},{"result":{"duration":1000000,"status":"skipped"},"line":42,"name":"User successfully add card","match":{"location":"stepDev.stepBoard.userSuccessfullyAddCard()"},"keyword":"Then "}],"tags":[{"name":"@Test-Board"},{"name":"@TC-35-Add-card-success"}]},{"line":3,"name":"User has logged in staging cicle apps","description":"","type":"background","keyword":"Background","steps":[]},{"start_timestamp":"2022-12-02T03:57:39.623Z","line":46,"name":"Edit name board","description":"","id":"test-board-in-staging-cicle-apps;edit-name-board","type":"scenario","keyword":"Scenario","steps":[{"result":{"error_message":"org.openqa.selenium.WebDriverException: unknown error: Chrome failed to start: exited normally.\n  (unknown error: DevToolsActivePort file doesn't exist)\n  (The process started from chrome location C:\\Program Files\\Google\\Chrome\\Application\\chrome.exe is no longer running, so ChromeDriver is assuming that Chrome has crashed.)\nBuild info: version: '3.141.59', revision: 'e82be7d358', time: '2018-11-14T08:17:03'\nSystem info: host: 'DESKTOP-8BH271D', ip: '172.20.10.12', os.name: 'Windows 10', os.arch: 'amd64', os.version: '10.0', java.version: '1.8.0_341'\nDriver info: driver.version: ChromeDriver\nremote stacktrace: Backtrace:\n\t(No symbol) [0x0049F243]\n\t(No symbol) [0x00427FD1]\n\t(No symbol) [0x0031D04D]\n\t(No symbol) [0x0033C24E]\n\t(No symbol) [0x003382E9]\n\t(No symbol) [0x0036F056]\n\t(No symbol) [0x0036EB2A]\n\t(No symbol) [0x00368386]\n\t(No symbol) [0x0034163C]\n\t(No symbol) [0x0034269D]\n\tGetHandleVerifier [0x00739A22+2655074]\n\tGetHandleVerifier [0x0072CA24+2601828]\n\tGetHandleVerifier [0x00548C0A+619850]\n\tGetHandleVerifier [0x00547830+614768]\n\t(No symbol) [0x004305FC]\n\t(No symbol) [0x00435968]\n\t(No symbol) [0x00435A55]\n\t(No symbol) [0x0044051B]\n\tBaseThreadInitThunk [0x75B3FEF9+25]\n\tRtlGetAppContainerNamedObjectPath [0x77187BBE+286]\n\tRtlGetAppContainerNamedObjectPath [0x77187B8E+238]\n\r\n\tat sun.reflect.NativeConstructorAccessorImpl.newInstance0(Native Method)\r\n\tat sun.reflect.NativeConstructorAccessorImpl.newInstance(NativeConstructorAccessorImpl.java:62)\r\n\tat sun.reflect.DelegatingConstructorAccessorImpl.newInstance(DelegatingConstructorAccessorImpl.java:45)\r\n\tat java.lang.reflect.Constructor.newInstance(Constructor.java:423)\r\n\tat org.openqa.selenium.remote.W3CHandshakeResponse.lambda$errorHandler$0(W3CHandshakeResponse.java:62)\r\n\tat org.openqa.selenium.remote.HandshakeResponse.lambda$getResponseFunction$0(HandshakeResponse.java:30)\r\n\tat org.openqa.selenium.remote.ProtocolHandshake.lambda$createSession$0(ProtocolHandshake.java:126)\r\n\tat java.util.stream.ReferencePipeline$3$1.accept(ReferencePipeline.java:193)\r\n\tat java.util.Spliterators$ArraySpliterator.tryAdvance(Spliterators.java:958)\r\n\tat java.util.stream.ReferencePipeline.forEachWithCancel(ReferencePipeline.java:126)\r\n\tat java.util.stream.AbstractPipeline.copyIntoWithCancel(AbstractPipeline.java:499)\r\n\tat java.util.stream.AbstractPipeline.copyInto(AbstractPipeline.java:486)\r\n\tat java.util.stream.AbstractPipeline.wrapAndCopyInto(AbstractPipeline.java:472)\r\n\tat java.util.stream.FindOps$FindOp.evaluateSequential(FindOps.java:152)\r\n\tat java.util.stream.AbstractPipeline.evaluate(AbstractPipeline.java:234)\r\n\tat java.util.stream.ReferencePipeline.findFirst(ReferencePipeline.java:464)\r\n\tat org.openqa.selenium.remote.ProtocolHandshake.createSession(ProtocolHandshake.java:128)\r\n\tat org.openqa.selenium.remote.ProtocolHandshake.createSession(ProtocolHandshake.java:74)\r\n\tat org.openqa.selenium.remote.HttpCommandExecutor.execute(HttpCommandExecutor.java:136)\r\n\tat org.openqa.selenium.remote.service.DriverCommandExecutor.execute(DriverCommandExecutor.java:83)\r\n\tat org.openqa.selenium.remote.RemoteWebDriver.execute(RemoteWebDriver.java:552)\r\n\tat org.openqa.selenium.remote.RemoteWebDriver.startSession(RemoteWebDriver.java:213)\r\n\tat org.openqa.selenium.remote.RemoteWebDriver.<init>(RemoteWebDriver.java:131)\r\n\tat org.openqa.selenium.chrome.ChromeDriver.<init>(ChromeDriver.java:181)\r\n\tat org.openqa.selenium.chrome.ChromeDriver.<init>(ChromeDriver.java:168)\r\n\tat org.openqa.selenium.chrome.ChromeDriver.<init>(ChromeDriver.java:157)\r\n\tat com.qori.base.TestBase.initialization(TestBase.java:47)\r\n\tat stepDev.stepBoard.userNavigateToBoardMenu(stepBoard.java:18)\r\n\tat ✽.User navigate to board menu(file:///D:/Qori/QA/JAVA/Maven/bigproject-cilsy/src/test/resources/features/board.feature:47)\r\n","duration":1308000000,"status":"failed"},"line":47,"name":"User navigate to board menu","match":{"location":"stepDev.stepBoard.userNavigateToBoardMenu()"},"keyword":"Given "},{"result":{"duration":1000000,"status":"skipped"},"line":48,"name":"User click name board","match":{"location":"stepDev.stepBoard.userClickNameBoard()"},"keyword":"When "},{"result":{"duration":1000000,"status":"skipped"},"line":49,"name":"User clear text name","match":{"location":"stepDev.stepBoard.userClearTextName()"},"keyword":"And "},{"result":{"duration":1000000,"status":"skipped"},"line":50,"name":"User edit name board","match":{"location":"stepDev.stepBoard.userEditNameBoard()"},"keyword":"And "},{"result":{"status":"skipped"},"line":51,"name":"User successfully edit name board","match":{"location":"stepDev.stepBoard.userSuccessfullyEditNameBoard()"},"keyword":"Then "}],"tags":[{"name":"@Test-Board"},{"name":"@TC-37-Edit-name-board"}]},{"line":3,"name":"User has logged in staging cicle apps","description":"","type":"background","keyword":"Background","steps":[]},{"start_timestamp":"2022-12-02T03:57:40.963Z","line":55,"name":"Invalid edit name board","description":"","id":"test-board-in-staging-cicle-apps;invalid-edit-name-board","type":"scenario","keyword":"Scenario","steps":[{"result":{"error_message":"org.openqa.selenium.WebDriverException: unknown error: Chrome failed to start: exited normally.\n  (unknown error: DevToolsActivePort file doesn't exist)\n  (The process started from chrome location C:\\Program Files\\Google\\Chrome\\Application\\chrome.exe is no longer running, so ChromeDriver is assuming that Chrome has crashed.)\nBuild info: version: '3.141.59', revision: 'e82be7d358', time: '2018-11-14T08:17:03'\nSystem info: host: 'DESKTOP-8BH271D', ip: '172.20.10.12', os.name: 'Windows 10', os.arch: 'amd64', os.version: '10.0', java.version: '1.8.0_341'\nDriver info: driver.version: ChromeDriver\nremote stacktrace: Backtrace:\n\t(No symbol) [0x0049F243]\n\t(No symbol) [0x00427FD1]\n\t(No symbol) [0x0031D04D]\n\t(No symbol) [0x0033C24E]\n\t(No symbol) [0x003382E9]\n\t(No symbol) [0x0036F056]\n\t(No symbol) [0x0036EB2A]\n\t(No symbol) [0x00368386]\n\t(No symbol) [0x0034163C]\n\t(No symbol) [0x0034269D]\n\tGetHandleVerifier [0x00739A22+2655074]\n\tGetHandleVerifier [0x0072CA24+2601828]\n\tGetHandleVerifier [0x00548C0A+619850]\n\tGetHandleVerifier [0x00547830+614768]\n\t(No symbol) [0x004305FC]\n\t(No symbol) [0x00435968]\n\t(No symbol) [0x00435A55]\n\t(No symbol) [0x0044051B]\n\tBaseThreadInitThunk [0x75B3FEF9+25]\n\tRtlGetAppContainerNamedObjectPath [0x77187BBE+286]\n\tRtlGetAppContainerNamedObjectPath [0x77187B8E+238]\n\r\n\tat sun.reflect.NativeConstructorAccessorImpl.newInstance0(Native Method)\r\n\tat sun.reflect.NativeConstructorAccessorImpl.newInstance(NativeConstructorAccessorImpl.java:62)\r\n\tat sun.reflect.DelegatingConstructorAccessorImpl.newInstance(DelegatingConstructorAccessorImpl.java:45)\r\n\tat java.lang.reflect.Constructor.newInstance(Constructor.java:423)\r\n\tat org.openqa.selenium.remote.W3CHandshakeResponse.lambda$errorHandler$0(W3CHandshakeResponse.java:62)\r\n\tat org.openqa.selenium.remote.HandshakeResponse.lambda$getResponseFunction$0(HandshakeResponse.java:30)\r\n\tat org.openqa.selenium.remote.ProtocolHandshake.lambda$createSession$0(ProtocolHandshake.java:126)\r\n\tat java.util.stream.ReferencePipeline$3$1.accept(ReferencePipeline.java:193)\r\n\tat java.util.Spliterators$ArraySpliterator.tryAdvance(Spliterators.java:958)\r\n\tat java.util.stream.ReferencePipeline.forEachWithCancel(ReferencePipeline.java:126)\r\n\tat java.util.stream.AbstractPipeline.copyIntoWithCancel(AbstractPipeline.java:499)\r\n\tat java.util.stream.AbstractPipeline.copyInto(AbstractPipeline.java:486)\r\n\tat java.util.stream.AbstractPipeline.wrapAndCopyInto(AbstractPipeline.java:472)\r\n\tat java.util.stream.FindOps$FindOp.evaluateSequential(FindOps.java:152)\r\n\tat java.util.stream.AbstractPipeline.evaluate(AbstractPipeline.java:234)\r\n\tat java.util.stream.ReferencePipeline.findFirst(ReferencePipeline.java:464)\r\n\tat org.openqa.selenium.remote.ProtocolHandshake.createSession(ProtocolHandshake.java:128)\r\n\tat org.openqa.selenium.remote.ProtocolHandshake.createSession(ProtocolHandshake.java:74)\r\n\tat org.openqa.selenium.remote.HttpCommandExecutor.execute(HttpCommandExecutor.java:136)\r\n\tat org.openqa.selenium.remote.service.DriverCommandExecutor.execute(DriverCommandExecutor.java:83)\r\n\tat org.openqa.selenium.remote.RemoteWebDriver.execute(RemoteWebDriver.java:552)\r\n\tat org.openqa.selenium.remote.RemoteWebDriver.startSession(RemoteWebDriver.java:213)\r\n\tat org.openqa.selenium.remote.RemoteWebDriver.<init>(RemoteWebDriver.java:131)\r\n\tat org.openqa.selenium.chrome.ChromeDriver.<init>(ChromeDriver.java:181)\r\n\tat org.openqa.selenium.chrome.ChromeDriver.<init>(ChromeDriver.java:168)\r\n\tat org.openqa.selenium.chrome.ChromeDriver.<init>(ChromeDriver.java:157)\r\n\tat com.qori.base.TestBase.initialization(TestBase.java:47)\r\n\tat stepDev.stepBoard.userNavigateToBoardMenu(stepBoard.java:18)\r\n\tat ✽.User navigate to board menu(file:///D:/Qori/QA/JAVA/Maven/bigproject-cilsy/src/test/resources/features/board.feature:56)\r\n","duration":1976000000,"status":"failed"},"line":56,"name":"User navigate to board menu","match":{"location":"stepDev.stepBoard.userNavigateToBoardMenu()"},"keyword":"Given "},{"result":{"duration":1000000,"status":"skipped"},"line":57,"name":"User click name board","match":{"location":"stepDev.stepBoard.userClickNameBoard()"},"keyword":"When "},{"result":{"status":"skipped"},"line":58,"name":"User clear text name","match":{"location":"stepDev.stepBoard.userClearTextName()"},"keyword":"And "},{"result":{"duration":1000000,"status":"skipped"},"line":59,"name":"User edit name with many character","match":{"location":"stepDev.stepBoard.userEditNameWithManyCharacter()"},"keyword":"And "},{"result":{"status":"skipped"},"line":60,"name":"User successfully edit name board","match":{"location":"stepDev.stepBoard.userSuccessfullyEditNameBoard()"},"keyword":"Then "}],"tags":[{"name":"@Test-Board"},{"name":"@TC-36-Edit-name-with-tomuchchara"}]},{"line":3,"name":"User has logged in staging cicle apps","description":"","type":"background","keyword":"Background","steps":[]},{"start_timestamp":"2022-12-02T03:57:42.956Z","line":64,"name":"Add comment in card","description":"","id":"test-board-in-staging-cicle-apps;add-comment-in-card","type":"scenario","keyword":"Scenario","steps":[{"result":{"error_message":"org.openqa.selenium.WebDriverException: unknown error: Chrome failed to start: exited normally.\n  (unknown error: DevToolsActivePort file doesn't exist)\n  (The process started from chrome location C:\\Program Files\\Google\\Chrome\\Application\\chrome.exe is no longer running, so ChromeDriver is assuming that Chrome has crashed.)\nBuild info: version: '3.141.59', revision: 'e82be7d358', time: '2018-11-14T08:17:03'\nSystem info: host: 'DESKTOP-8BH271D', ip: '172.20.10.12', os.name: 'Windows 10', os.arch: 'amd64', os.version: '10.0', java.version: '1.8.0_341'\nDriver info: driver.version: ChromeDriver\nremote stacktrace: Backtrace:\n\t(No symbol) [0x0049F243]\n\t(No symbol) [0x00427FD1]\n\t(No symbol) [0x0031D04D]\n\t(No symbol) [0x0033C24E]\n\t(No symbol) [0x003382E9]\n\t(No symbol) [0x0036F056]\n\t(No symbol) [0x0036EB2A]\n\t(No symbol) [0x00368386]\n\t(No symbol) [0x0034163C]\n\t(No symbol) [0x0034269D]\n\tGetHandleVerifier [0x00739A22+2655074]\n\tGetHandleVerifier [0x0072CA24+2601828]\n\tGetHandleVerifier [0x00548C0A+619850]\n\tGetHandleVerifier [0x00547830+614768]\n\t(No symbol) [0x004305FC]\n\t(No symbol) [0x00435968]\n\t(No symbol) [0x00435A55]\n\t(No symbol) [0x0044051B]\n\tBaseThreadInitThunk [0x75B3FEF9+25]\n\tRtlGetAppContainerNamedObjectPath [0x77187BBE+286]\n\tRtlGetAppContainerNamedObjectPath [0x77187B8E+238]\n\r\n\tat sun.reflect.NativeConstructorAccessorImpl.newInstance0(Native Method)\r\n\tat sun.reflect.NativeConstructorAccessorImpl.newInstance(NativeConstructorAccessorImpl.java:62)\r\n\tat sun.reflect.DelegatingConstructorAccessorImpl.newInstance(DelegatingConstructorAccessorImpl.java:45)\r\n\tat java.lang.reflect.Constructor.newInstance(Constructor.java:423)\r\n\tat org.openqa.selenium.remote.W3CHandshakeResponse.lambda$errorHandler$0(W3CHandshakeResponse.java:62)\r\n\tat org.openqa.selenium.remote.HandshakeResponse.lambda$getResponseFunction$0(HandshakeResponse.java:30)\r\n\tat org.openqa.selenium.remote.ProtocolHandshake.lambda$createSession$0(ProtocolHandshake.java:126)\r\n\tat java.util.stream.ReferencePipeline$3$1.accept(ReferencePipeline.java:193)\r\n\tat java.util.Spliterators$ArraySpliterator.tryAdvance(Spliterators.java:958)\r\n\tat java.util.stream.ReferencePipeline.forEachWithCancel(ReferencePipeline.java:126)\r\n\tat java.util.stream.AbstractPipeline.copyIntoWithCancel(AbstractPipeline.java:499)\r\n\tat java.util.stream.AbstractPipeline.copyInto(AbstractPipeline.java:486)\r\n\tat java.util.stream.AbstractPipeline.wrapAndCopyInto(AbstractPipeline.java:472)\r\n\tat java.util.stream.FindOps$FindOp.evaluateSequential(FindOps.java:152)\r\n\tat java.util.stream.AbstractPipeline.evaluate(AbstractPipeline.java:234)\r\n\tat java.util.stream.ReferencePipeline.findFirst(ReferencePipeline.java:464)\r\n\tat org.openqa.selenium.remote.ProtocolHandshake.createSession(ProtocolHandshake.java:128)\r\n\tat org.openqa.selenium.remote.ProtocolHandshake.createSession(ProtocolHandshake.java:74)\r\n\tat org.openqa.selenium.remote.HttpCommandExecutor.execute(HttpCommandExecutor.java:136)\r\n\tat org.openqa.selenium.remote.service.DriverCommandExecutor.execute(DriverCommandExecutor.java:83)\r\n\tat org.openqa.selenium.remote.RemoteWebDriver.execute(RemoteWebDriver.java:552)\r\n\tat org.openqa.selenium.remote.RemoteWebDriver.startSession(RemoteWebDriver.java:213)\r\n\tat org.openqa.selenium.remote.RemoteWebDriver.<init>(RemoteWebDriver.java:131)\r\n\tat org.openqa.selenium.chrome.ChromeDriver.<init>(ChromeDriver.java:181)\r\n\tat org.openqa.selenium.chrome.ChromeDriver.<init>(ChromeDriver.java:168)\r\n\tat org.openqa.selenium.chrome.ChromeDriver.<init>(ChromeDriver.java:157)\r\n\tat com.qori.base.TestBase.initialization(TestBase.java:47)\r\n\tat stepDev.stepBoard.userNavigateToBoardMenu(stepBoard.java:18)\r\n\tat ✽.User navigate to board menu(file:///D:/Qori/QA/JAVA/Maven/bigproject-cilsy/src/test/resources/features/board.feature:65)\r\n","duration":1082000000,"status":"failed"},"line":65,"name":"User navigate to board menu","match":{"location":"stepDev.stepBoard.userNavigateToBoardMenu()"},"keyword":"Given "},{"result":{"duration":1000000,"status":"skipped"},"line":66,"name":"User click card","match":{"location":"stepDev.stepBoard.userClickCard()"},"keyword":"When "},{"result":{"duration":1000000,"status":"skipped"},"line":67,"name":"User click comment board","match":{"location":"stepDev.stepBoard.userClickCommentBoard()"},"keyword":"And "},{"result":{"status":"skipped"},"line":68,"name":"User input comment board","match":{"location":"stepDev.stepBoard.userInputCommentBoard()"},"keyword":"And "},{"result":{"status":"skipped"},"line":69,"name":"User click button post","match":{"location":"stepDev.stepBoard.userClickButtonPost()"},"keyword":"And "},{"result":{"duration":1000000,"status":"skipped"},"line":70,"name":"User successfully comment board","match":{"location":"stepDev.stepBoard.userSuccessfullyCommentBoard()"},"keyword":"Then "}],"tags":[{"name":"@Test-Board"},{"name":"@TC_06-Add-comment-in-card"}]}],"name":"Test Board in Staging Cicle Apps","description":"","id":"test-board-in-staging-cicle-apps","keyword":"Feature","uri":"file:src/test/resources/features/board.feature","tags":[{"name":"@Test-Board","type":"Tag","location":{"line":1,"column":1}}]}]