[{"line":2,"elements":[{"line":3,"name":"User has logged in staging cicle apps","description":"","type":"background","keyword":"Background","steps":[]},{"start_timestamp":"2022-12-02T09:59:53.900Z","line":6,"name":"Invalid Add ListBoard Empty Name","description":"","id":"test-board-in-staging-cicle-apps;invalid-add-listboard-empty-name","type":"scenario","keyword":"Scenario","steps":[{"result":{"error_message":"org.openqa.selenium.NoSuchElementException: no such element: Unable to locate element: {\"method\":\"css selector\",\"selector\":\".Card_Card__2LWWW\"}\n  (Session info: chrome=108.0.5359.72)\nFor documentation on this error, please visit: https://www.seleniumhq.org/exceptions/no_such_element.html\nBuild info: version: '3.141.59', revision: 'e82be7d358', time: '2018-11-14T08:17:03'\nSystem info: host: 'DESKTOP-8BH271D', ip: '172.20.10.12', os.name: 'Windows 10', os.arch: 'amd64', os.version: '10.0', java.version: '1.8.0_341'\nDriver info: org.openqa.selenium.chrome.ChromeDriver\nCapabilities {acceptInsecureCerts: false, browserName: chrome, browserVersion: 108.0.5359.72, chrome: {chromedriverVersion: 108.0.5359.71 (1e0e3868ee06..., userDataDir: C:/Users/Sevima/AppData/Loc...}, goog:chromeOptions: {debuggerAddress: localhost:53761}, javascriptEnabled: true, networkConnectionEnabled: false, pageLoadStrategy: normal, platform: WINDOWS, platformName: WINDOWS, proxy: Proxy(), setWindowRect: true, strictFileInteractability: false, timeouts: {implicit: 0, pageLoad: 300000, script: 30000}, unhandledPromptBehavior: dismiss and notify, webauthn:extension:credBlob: true, webauthn:extension:largeBlob: true, webauthn:virtualAuthenticators: true}\nSession ID: 1823438e35b8e52bf623e1cf0ab68fa5\n*** Element info: {Using=class name, value=Card_Card__2LWWW}\r\n\tat sun.reflect.NativeConstructorAccessorImpl.newInstance0(Native Method)\r\n\tat sun.reflect.NativeConstructorAccessorImpl.newInstance(NativeConstructorAccessorImpl.java:62)\r\n\tat sun.reflect.DelegatingConstructorAccessorImpl.newInstance(DelegatingConstructorAccessorImpl.java:45)\r\n\tat java.lang.reflect.Constructor.newInstance(Constructor.java:423)\r\n\tat org.openqa.selenium.remote.http.W3CHttpResponseCodec.createException(W3CHttpResponseCodec.java:187)\r\n\tat org.openqa.selenium.remote.http.W3CHttpResponseCodec.decode(W3CHttpResponseCodec.java:122)\r\n\tat org.openqa.selenium.remote.http.W3CHttpResponseCodec.decode(W3CHttpResponseCodec.java:49)\r\n\tat org.openqa.selenium.remote.HttpCommandExecutor.execute(HttpCommandExecutor.java:158)\r\n\tat org.openqa.selenium.remote.service.DriverCommandExecutor.execute(DriverCommandExecutor.java:83)\r\n\tat org.openqa.selenium.remote.RemoteWebDriver.execute(RemoteWebDriver.java:552)\r\n\tat org.openqa.selenium.remote.RemoteWebDriver.findElement(RemoteWebDriver.java:323)\r\n\tat org.openqa.selenium.remote.RemoteWebDriver.findElementByClassName(RemoteWebDriver.java:412)\r\n\tat org.openqa.selenium.By$ByClassName.findElement(By.java:389)\r\n\tat org.openqa.selenium.remote.RemoteWebDriver.findElement(RemoteWebDriver.java:315)\r\n\tat com.qori.pages.BoardPage.clickTeams(BoardPage.java:52)\r\n\tat stepDev.stepBoard.userNavigateToBoardMenu(stepBoard.java:20)\r\n\tat ✽.User navigate to board menu(file:///D:/Qori/QA/JAVA/Maven/bigproject-cilsy/src/test/resources/features/board.feature:7)\r\n","duration":35747000000,"status":"failed"},"line":7,"name":"User navigate to board menu","match":{"location":"stepDev.stepBoard.userNavigateToBoardMenu()"},"keyword":"Given "},{"result":{"duration":2000000,"status":"skipped"},"line":8,"name":"User click add list","match":{"location":"stepDev.stepBoard.userClickAddList()"},"keyword":"When "},{"result":{"duration":1000000,"status":"skipped"},"line":9,"name":"User click button create board","match":{"location":"stepDev.stepBoard.userClickButtonCreateBoard()"},"keyword":"And "},{"result":{"duration":1000000,"status":"skipped"},"line":10,"name":"User failed add listboard","match":{"location":"stepDev.stepBoard.userFailedAddListboard()"},"keyword":"Then "}],"tags":[{"name":"@Test-Board"},{"name":"@TC-32-Invalid-add-listboard-empty-name"}]},{"line":3,"name":"User has logged in staging cicle apps","description":"","type":"background","keyword":"Background","steps":[]},{"start_timestamp":"2022-12-02T10:00:29.884Z","line":14,"name":"Add list board","description":"","id":"test-board-in-staging-cicle-apps;add-list-board","type":"scenario","keyword":"Scenario","steps":[{"result":{"error_message":"org.openqa.selenium.WebDriverException: unknown error: Chrome failed to start: exited normally.\n  (unknown error: DevToolsActivePort file doesn't exist)\n  (The process started from chrome location C:\\Program Files\\Google\\Chrome\\Application\\chrome.exe is no longer running, so ChromeDriver is assuming that Chrome has crashed.)\nBuild info: version: '3.141.59', revision: 'e82be7d358', time: '2018-11-14T08:17:03'\nSystem info: host: 'DESKTOP-8BH271D', ip: '172.20.10.12', os.name: 'Windows 10', os.arch: 'amd64', os.version: '10.0', java.version: '1.8.0_341'\nDriver info: driver.version: ChromeDriver\nremote stacktrace: Backtrace:\n\t(No symbol) [0x0079F243]\n\t(No symbol) [0x00727FD1]\n\t(No symbol) [0x0061D04D]\n\t(No symbol) [0x0063C24E]\n\t(No symbol) [0x006382E9]\n\t(No symbol) [0x0066F056]\n\t(No symbol) [0x0066EB2A]\n\t(No symbol) [0x00668386]\n\t(No symbol) [0x0064163C]\n\t(No symbol) [0x0064269D]\n\tGetHandleVerifier [0x00A39A22+2655074]\n\tGetHandleVerifier [0x00A2CA24+2601828]\n\tGetHandleVerifier [0x00848C0A+619850]\n\tGetHandleVerifier [0x00847830+614768]\n\t(No symbol) [0x007305FC]\n\t(No symbol) [0x00735968]\n\t(No symbol) [0x00735A55]\n\t(No symbol) [0x0074051B]\n\tBaseThreadInitThunk [0x777CFEF9+25]\n\tRtlGetAppContainerNamedObjectPath [0x77977BBE+286]\n\tRtlGetAppContainerNamedObjectPath [0x77977B8E+238]\n\r\n\tat sun.reflect.NativeConstructorAccessorImpl.newInstance0(Native Method)\r\n\tat sun.reflect.NativeConstructorAccessorImpl.newInstance(NativeConstructorAccessorImpl.java:62)\r\n\tat sun.reflect.DelegatingConstructorAccessorImpl.newInstance(DelegatingConstructorAccessorImpl.java:45)\r\n\tat java.lang.reflect.Constructor.newInstance(Constructor.java:423)\r\n\tat org.openqa.selenium.remote.W3CHandshakeResponse.lambda$errorHandler$0(W3CHandshakeResponse.java:62)\r\n\tat org.openqa.selenium.remote.HandshakeResponse.lambda$getResponseFunction$0(HandshakeResponse.java:30)\r\n\tat org.openqa.selenium.remote.ProtocolHandshake.lambda$createSession$0(ProtocolHandshake.java:126)\r\n\tat java.util.stream.ReferencePipeline$3$1.accept(ReferencePipeline.java:193)\r\n\tat java.util.Spliterators$ArraySpliterator.tryAdvance(Spliterators.java:958)\r\n\tat java.util.stream.ReferencePipeline.forEachWithCancel(ReferencePipeline.java:126)\r\n\tat java.util.stream.AbstractPipeline.copyIntoWithCancel(AbstractPipeline.java:499)\r\n\tat java.util.stream.AbstractPipeline.copyInto(AbstractPipeline.java:486)\r\n\tat java.util.stream.AbstractPipeline.wrapAndCopyInto(AbstractPipeline.java:472)\r\n\tat java.util.stream.FindOps$FindOp.evaluateSequential(FindOps.java:152)\r\n\tat java.util.stream.AbstractPipeline.evaluate(AbstractPipeline.java:234)\r\n\tat java.util.stream.ReferencePipeline.findFirst(ReferencePipeline.java:464)\r\n\tat org.openqa.selenium.remote.ProtocolHandshake.createSession(ProtocolHandshake.java:128)\r\n\tat org.openqa.selenium.remote.ProtocolHandshake.createSession(ProtocolHandshake.java:74)\r\n\tat org.openqa.selenium.remote.HttpCommandExecutor.execute(HttpCommandExecutor.java:136)\r\n\tat org.openqa.selenium.remote.service.DriverCommandExecutor.execute(DriverCommandExecutor.java:83)\r\n\tat org.openqa.selenium.remote.RemoteWebDriver.execute(RemoteWebDriver.java:552)\r\n\tat org.openqa.selenium.remote.RemoteWebDriver.startSession(RemoteWebDriver.java:213)\r\n\tat org.openqa.selenium.remote.RemoteWebDriver.<init>(RemoteWebDriver.java:131)\r\n\tat org.openqa.selenium.chrome.ChromeDriver.<init>(ChromeDriver.java:181)\r\n\tat org.openqa.selenium.chrome.ChromeDriver.<init>(ChromeDriver.java:168)\r\n\tat org.openqa.selenium.chrome.ChromeDriver.<init>(ChromeDriver.java:157)\r\n\tat com.qori.base.TestBase.initialization(TestBase.java:47)\r\n\tat stepDev.stepBoard.userNavigateToBoardMenu(stepBoard.java:18)\r\n\tat ✽.User navigate to board menu(file:///D:/Qori/QA/JAVA/Maven/bigproject-cilsy/src/test/resources/features/board.feature:15)\r\n","duration":898000000,"status":"failed"},"line":15,"name":"User navigate to board menu","match":{"location":"stepDev.stepBoard.userNavigateToBoardMenu()"},"keyword":"Given "},{"result":{"status":"skipped"},"line":16,"name":"User click add list","match":{"location":"stepDev.stepBoard.userClickAddList()"},"keyword":"When "},{"result":{"duration":1000000,"status":"skipped"},"line":17,"name":"User input listname","match":{"location":"stepDev.stepBoard.userInputListname()"},"keyword":"And "},{"result":{"duration":1000000,"status":"skipped"},"line":18,"name":"User click button create board","match":{"location":"stepDev.stepBoard.userClickButtonCreateBoard()"},"keyword":"And "},{"result":{"duration":1000000,"status":"skipped"},"line":19,"name":"User successfully add list board","match":{"location":"stepDev.stepBoard.userSuccessfullyAddListBoard()"},"keyword":"Then "}],"tags":[{"name":"@Test-Board"},{"name":"@TC-33-Add-listboard"}]},{"line":3,"name":"User has logged in staging cicle apps","description":"","type":"background","keyword":"Background","steps":[]},{"start_timestamp":"2022-12-02T10:00:30.821Z","line":23,"name":"Invalid add card","description":"","id":"test-board-in-staging-cicle-apps;invalid-add-card","type":"scenario","keyword":"Scenario","steps":[{"result":{"error_message":"org.openqa.selenium.WebDriverException: unknown error: Chrome failed to start: exited normally.\n  (unknown error: DevToolsActivePort file doesn't exist)\n  (The process started from chrome location C:\\Program Files\\Google\\Chrome\\Application\\chrome.exe is no longer running, so ChromeDriver is assuming that Chrome has crashed.)\nBuild info: version: '3.141.59', revision: 'e82be7d358', time: '2018-11-14T08:17:03'\nSystem info: host: 'DESKTOP-8BH271D', ip: '172.20.10.12', os.name: 'Windows 10', os.arch: 'amd64', os.version: '10.0', java.version: '1.8.0_341'\nDriver info: driver.version: ChromeDriver\nremote stacktrace: Backtrace:\n\t(No symbol) [0x0079F243]\n\t(No symbol) [0x00727FD1]\n\t(No symbol) [0x0061D04D]\n\t(No symbol) [0x0063C24E]\n\t(No symbol) [0x006382E9]\n\t(No symbol) [0x0066F056]\n\t(No symbol) [0x0066EB2A]\n\t(No symbol) [0x00668386]\n\t(No symbol) [0x0064163C]\n\t(No symbol) [0x0064269D]\n\tGetHandleVerifier [0x00A39A22+2655074]\n\tGetHandleVerifier [0x00A2CA24+2601828]\n\tGetHandleVerifier [0x00848C0A+619850]\n\tGetHandleVerifier [0x00847830+614768]\n\t(No symbol) [0x007305FC]\n\t(No symbol) [0x00735968]\n\t(No symbol) [0x00735A55]\n\t(No symbol) [0x0074051B]\n\tBaseThreadInitThunk [0x777CFEF9+25]\n\tRtlGetAppContainerNamedObjectPath [0x77977BBE+286]\n\tRtlGetAppContainerNamedObjectPath [0x77977B8E+238]\n\r\n\tat sun.reflect.NativeConstructorAccessorImpl.newInstance0(Native Method)\r\n\tat sun.reflect.NativeConstructorAccessorImpl.newInstance(NativeConstructorAccessorImpl.java:62)\r\n\tat sun.reflect.DelegatingConstructorAccessorImpl.newInstance(DelegatingConstructorAccessorImpl.java:45)\r\n\tat java.lang.reflect.Constructor.newInstance(Constructor.java:423)\r\n\tat org.openqa.selenium.remote.W3CHandshakeResponse.lambda$errorHandler$0(W3CHandshakeResponse.java:62)\r\n\tat org.openqa.selenium.remote.HandshakeResponse.lambda$getResponseFunction$0(HandshakeResponse.java:30)\r\n\tat org.openqa.selenium.remote.ProtocolHandshake.lambda$createSession$0(ProtocolHandshake.java:126)\r\n\tat java.util.stream.ReferencePipeline$3$1.accept(ReferencePipeline.java:193)\r\n\tat java.util.Spliterators$ArraySpliterator.tryAdvance(Spliterators.java:958)\r\n\tat java.util.stream.ReferencePipeline.forEachWithCancel(ReferencePipeline.java:126)\r\n\tat java.util.stream.AbstractPipeline.copyIntoWithCancel(AbstractPipeline.java:499)\r\n\tat java.util.stream.AbstractPipeline.copyInto(AbstractPipeline.java:486)\r\n\tat java.util.stream.AbstractPipeline.wrapAndCopyInto(AbstractPipeline.java:472)\r\n\tat java.util.stream.FindOps$FindOp.evaluateSequential(FindOps.java:152)\r\n\tat java.util.stream.AbstractPipeline.evaluate(AbstractPipeline.java:234)\r\n\tat java.util.stream.ReferencePipeline.findFirst(ReferencePipeline.java:464)\r\n\tat org.openqa.selenium.remote.ProtocolHandshake.createSession(ProtocolHandshake.java:128)\r\n\tat org.openqa.selenium.remote.ProtocolHandshake.createSession(ProtocolHandshake.java:74)\r\n\tat org.openqa.selenium.remote.HttpCommandExecutor.execute(HttpCommandExecutor.java:136)\r\n\tat org.openqa.selenium.remote.service.DriverCommandExecutor.execute(DriverCommandExecutor.java:83)\r\n\tat org.openqa.selenium.remote.RemoteWebDriver.execute(RemoteWebDriver.java:552)\r\n\tat org.openqa.selenium.remote.RemoteWebDriver.startSession(RemoteWebDriver.java:213)\r\n\tat org.openqa.selenium.remote.RemoteWebDriver.<init>(RemoteWebDriver.java:131)\r\n\tat org.openqa.selenium.chrome.ChromeDriver.<init>(ChromeDriver.java:181)\r\n\tat org.openqa.selenium.chrome.ChromeDriver.<init>(ChromeDriver.java:168)\r\n\tat org.openqa.selenium.chrome.ChromeDriver.<init>(ChromeDriver.java:157)\r\n\tat com.qori.base.TestBase.initialization(TestBase.java:47)\r\n\tat stepDev.stepBoard.userNavigateToBoardMenu(stepBoard.java:18)\r\n\tat ✽.User navigate to board menu(file:///D:/Qori/QA/JAVA/Maven/bigproject-cilsy/src/test/resources/features/board.feature:24)\r\n","duration":908000000,"status":"failed"},"line":24,"name":"User navigate to board menu","match":{"location":"stepDev.stepBoard.userNavigateToBoardMenu()"},"keyword":"Given "},{"result":{"duration":1000000,"status":"skipped"},"line":25,"name":"User click add card","match":{"location":"stepDev.stepBoard.userClickAddCard()"},"keyword":"When "},{"result":{"duration":1000000,"status":"skipped"},"line":26,"name":"User click button create card","match":{"location":"stepDev.stepBoard.userClickButtonCreateCard()"},"keyword":"And "},{"result":{"duration":1000000,"status":"skipped"},"line":27,"name":"User failed add card","match":{"location":"stepDev.stepBoard.userFailedAddCard()"},"keyword":"Then "}],"tags":[{"name":"@Test-Board"},{"name":"@TC-34-Invalid-add-card"}]},{"line":3,"name":"User has logged in staging cicle apps","description":"","type":"background","keyword":"Background","steps":[]},{"start_timestamp":"2022-12-02T10:00:31.779Z","line":31,"name":"Add card success","description":"","id":"test-board-in-staging-cicle-apps;add-card-success","type":"scenario","keyword":"Scenario","steps":[{"result":{"error_message":"org.openqa.selenium.WebDriverException: unknown error: Chrome failed to start: exited normally.\n  (unknown error: DevToolsActivePort file doesn't exist)\n  (The process started from chrome location C:\\Program Files\\Google\\Chrome\\Application\\chrome.exe is no longer running, so ChromeDriver is assuming that Chrome has crashed.)\nBuild info: version: '3.141.59', revision: 'e82be7d358', time: '2018-11-14T08:17:03'\nSystem info: host: 'DESKTOP-8BH271D', ip: '172.20.10.12', os.name: 'Windows 10', os.arch: 'amd64', os.version: '10.0', java.version: '1.8.0_341'\nDriver info: driver.version: ChromeDriver\nremote stacktrace: Backtrace:\n\t(No symbol) [0x0079F243]\n\t(No symbol) [0x00727FD1]\n\t(No symbol) [0x0061D04D]\n\t(No symbol) [0x0063C24E]\n\t(No symbol) [0x006382E9]\n\t(No symbol) [0x0066F056]\n\t(No symbol) [0x0066EB2A]\n\t(No symbol) [0x00668386]\n\t(No symbol) [0x0064163C]\n\t(No symbol) [0x0064269D]\n\tGetHandleVerifier [0x00A39A22+2655074]\n\tGetHandleVerifier [0x00A2CA24+2601828]\n\tGetHandleVerifier [0x00848C0A+619850]\n\tGetHandleVerifier [0x00847830+614768]\n\t(No symbol) [0x007305FC]\n\t(No symbol) [0x00735968]\n\t(No symbol) [0x00735A55]\n\t(No symbol) [0x0074051B]\n\tBaseThreadInitThunk [0x777CFEF9+25]\n\tRtlGetAppContainerNamedObjectPath [0x77977BBE+286]\n\tRtlGetAppContainerNamedObjectPath [0x77977B8E+238]\n\r\n\tat sun.reflect.NativeConstructorAccessorImpl.newInstance0(Native Method)\r\n\tat sun.reflect.NativeConstructorAccessorImpl.newInstance(NativeConstructorAccessorImpl.java:62)\r\n\tat sun.reflect.DelegatingConstructorAccessorImpl.newInstance(DelegatingConstructorAccessorImpl.java:45)\r\n\tat java.lang.reflect.Constructor.newInstance(Constructor.java:423)\r\n\tat org.openqa.selenium.remote.W3CHandshakeResponse.lambda$errorHandler$0(W3CHandshakeResponse.java:62)\r\n\tat org.openqa.selenium.remote.HandshakeResponse.lambda$getResponseFunction$0(HandshakeResponse.java:30)\r\n\tat org.openqa.selenium.remote.ProtocolHandshake.lambda$createSession$0(ProtocolHandshake.java:126)\r\n\tat java.util.stream.ReferencePipeline$3$1.accept(ReferencePipeline.java:193)\r\n\tat java.util.Spliterators$ArraySpliterator.tryAdvance(Spliterators.java:958)\r\n\tat java.util.stream.ReferencePipeline.forEachWithCancel(ReferencePipeline.java:126)\r\n\tat java.util.stream.AbstractPipeline.copyIntoWithCancel(AbstractPipeline.java:499)\r\n\tat java.util.stream.AbstractPipeline.copyInto(AbstractPipeline.java:486)\r\n\tat java.util.stream.AbstractPipeline.wrapAndCopyInto(AbstractPipeline.java:472)\r\n\tat java.util.stream.FindOps$FindOp.evaluateSequential(FindOps.java:152)\r\n\tat java.util.stream.AbstractPipeline.evaluate(AbstractPipeline.java:234)\r\n\tat java.util.stream.ReferencePipeline.findFirst(ReferencePipeline.java:464)\r\n\tat org.openqa.selenium.remote.ProtocolHandshake.createSession(ProtocolHandshake.java:128)\r\n\tat org.openqa.selenium.remote.ProtocolHandshake.createSession(ProtocolHandshake.java:74)\r\n\tat org.openqa.selenium.remote.HttpCommandExecutor.execute(HttpCommandExecutor.java:136)\r\n\tat org.openqa.selenium.remote.service.DriverCommandExecutor.execute(DriverCommandExecutor.java:83)\r\n\tat org.openqa.selenium.remote.RemoteWebDriver.execute(RemoteWebDriver.java:552)\r\n\tat org.openqa.selenium.remote.RemoteWebDriver.startSession(RemoteWebDriver.java:213)\r\n\tat org.openqa.selenium.remote.RemoteWebDriver.<init>(RemoteWebDriver.java:131)\r\n\tat org.openqa.selenium.chrome.ChromeDriver.<init>(ChromeDriver.java:181)\r\n\tat org.openqa.selenium.chrome.ChromeDriver.<init>(ChromeDriver.java:168)\r\n\tat org.openqa.selenium.chrome.ChromeDriver.<init>(ChromeDriver.java:157)\r\n\tat com.qori.base.TestBase.initialization(TestBase.java:47)\r\n\tat stepDev.stepBoard.userNavigateToBoardMenu(stepBoard.java:18)\r\n\tat ✽.User navigate to board menu(file:///D:/Qori/QA/JAVA/Maven/bigproject-cilsy/src/test/resources/features/board.feature:32)\r\n","duration":868000000,"status":"failed"},"line":32,"name":"User navigate to board menu","match":{"location":"stepDev.stepBoard.userNavigateToBoardMenu()"},"keyword":"Given "},{"result":{"status":"skipped"},"line":33,"name":"User click add card","match":{"location":"stepDev.stepBoard.userClickAddCard()"},"keyword":"When "},{"result":{"duration":1000000,"status":"skipped"},"line":34,"name":"User input name card","match":{"location":"stepDev.stepBoard.userInputNameCard()"},"keyword":"And "},{"result":{"duration":1000000,"status":"skipped"},"line":35,"name":"User click button create card","match":{"location":"stepDev.stepBoard.userClickButtonCreateCard()"},"keyword":"And "},{"result":{"status":"skipped"},"line":36,"name":"User successfully add card","match":{"location":"stepDev.stepBoard.userSuccessfullyAddCard()"},"keyword":"Then "}],"tags":[{"name":"@Test-Board"},{"name":"@TC-35-Add-card-success"}]},{"line":3,"name":"User has logged in staging cicle apps","description":"","type":"background","keyword":"Background","steps":[]},{"start_timestamp":"2022-12-02T10:00:32.679Z","line":40,"name":"Edit name board","description":"","id":"test-board-in-staging-cicle-apps;edit-name-board","type":"scenario","keyword":"Scenario","steps":[{"result":{"error_message":"org.openqa.selenium.WebDriverException: unknown error: Chrome failed to start: exited normally.\n  (unknown error: DevToolsActivePort file doesn't exist)\n  (The process started from chrome location C:\\Program Files\\Google\\Chrome\\Application\\chrome.exe is no longer running, so ChromeDriver is assuming that Chrome has crashed.)\nBuild info: version: '3.141.59', revision: 'e82be7d358', time: '2018-11-14T08:17:03'\nSystem info: host: 'DESKTOP-8BH271D', ip: '172.20.10.12', os.name: 'Windows 10', os.arch: 'amd64', os.version: '10.0', java.version: '1.8.0_341'\nDriver info: driver.version: ChromeDriver\nremote stacktrace: Backtrace:\n\t(No symbol) [0x0079F243]\n\t(No symbol) [0x00727FD1]\n\t(No symbol) [0x0061D04D]\n\t(No symbol) [0x0063C24E]\n\t(No symbol) [0x006382E9]\n\t(No symbol) [0x0066F056]\n\t(No symbol) [0x0066EB2A]\n\t(No symbol) [0x00668386]\n\t(No symbol) [0x0064163C]\n\t(No symbol) [0x0064269D]\n\tGetHandleVerifier [0x00A39A22+2655074]\n\tGetHandleVerifier [0x00A2CA24+2601828]\n\tGetHandleVerifier [0x00848C0A+619850]\n\tGetHandleVerifier [0x00847830+614768]\n\t(No symbol) [0x007305FC]\n\t(No symbol) [0x00735968]\n\t(No symbol) [0x00735A55]\n\t(No symbol) [0x0074051B]\n\tBaseThreadInitThunk [0x777CFEF9+25]\n\tRtlGetAppContainerNamedObjectPath [0x77977BBE+286]\n\tRtlGetAppContainerNamedObjectPath [0x77977B8E+238]\n\r\n\tat sun.reflect.NativeConstructorAccessorImpl.newInstance0(Native Method)\r\n\tat sun.reflect.NativeConstructorAccessorImpl.newInstance(NativeConstructorAccessorImpl.java:62)\r\n\tat sun.reflect.DelegatingConstructorAccessorImpl.newInstance(DelegatingConstructorAccessorImpl.java:45)\r\n\tat java.lang.reflect.Constructor.newInstance(Constructor.java:423)\r\n\tat org.openqa.selenium.remote.W3CHandshakeResponse.lambda$errorHandler$0(W3CHandshakeResponse.java:62)\r\n\tat org.openqa.selenium.remote.HandshakeResponse.lambda$getResponseFunction$0(HandshakeResponse.java:30)\r\n\tat org.openqa.selenium.remote.ProtocolHandshake.lambda$createSession$0(ProtocolHandshake.java:126)\r\n\tat java.util.stream.ReferencePipeline$3$1.accept(ReferencePipeline.java:193)\r\n\tat java.util.Spliterators$ArraySpliterator.tryAdvance(Spliterators.java:958)\r\n\tat java.util.stream.ReferencePipeline.forEachWithCancel(ReferencePipeline.java:126)\r\n\tat java.util.stream.AbstractPipeline.copyIntoWithCancel(AbstractPipeline.java:499)\r\n\tat java.util.stream.AbstractPipeline.copyInto(AbstractPipeline.java:486)\r\n\tat java.util.stream.AbstractPipeline.wrapAndCopyInto(AbstractPipeline.java:472)\r\n\tat java.util.stream.FindOps$FindOp.evaluateSequential(FindOps.java:152)\r\n\tat java.util.stream.AbstractPipeline.evaluate(AbstractPipeline.java:234)\r\n\tat java.util.stream.ReferencePipeline.findFirst(ReferencePipeline.java:464)\r\n\tat org.openqa.selenium.remote.ProtocolHandshake.createSession(ProtocolHandshake.java:128)\r\n\tat org.openqa.selenium.remote.ProtocolHandshake.createSession(ProtocolHandshake.java:74)\r\n\tat org.openqa.selenium.remote.HttpCommandExecutor.execute(HttpCommandExecutor.java:136)\r\n\tat org.openqa.selenium.remote.service.DriverCommandExecutor.execute(DriverCommandExecutor.java:83)\r\n\tat org.openqa.selenium.remote.RemoteWebDriver.execute(RemoteWebDriver.java:552)\r\n\tat org.openqa.selenium.remote.RemoteWebDriver.startSession(RemoteWebDriver.java:213)\r\n\tat org.openqa.selenium.remote.RemoteWebDriver.<init>(RemoteWebDriver.java:131)\r\n\tat org.openqa.selenium.chrome.ChromeDriver.<init>(ChromeDriver.java:181)\r\n\tat org.openqa.selenium.chrome.ChromeDriver.<init>(ChromeDriver.java:168)\r\n\tat org.openqa.selenium.chrome.ChromeDriver.<init>(ChromeDriver.java:157)\r\n\tat com.qori.base.TestBase.initialization(TestBase.java:47)\r\n\tat stepDev.stepBoard.userNavigateToBoardMenu(stepBoard.java:18)\r\n\tat ✽.User navigate to board menu(file:///D:/Qori/QA/JAVA/Maven/bigproject-cilsy/src/test/resources/features/board.feature:41)\r\n","duration":940000000,"status":"failed"},"line":41,"name":"User navigate to board menu","match":{"location":"stepDev.stepBoard.userNavigateToBoardMenu()"},"keyword":"Given "},{"result":{"status":"skipped"},"line":42,"name":"User click name board","match":{"location":"stepDev.stepBoard.userClickNameBoard()"},"keyword":"When "},{"result":{"status":"skipped"},"line":43,"name":"User clear text name","match":{"location":"stepDev.stepBoard.userClearTextName()"},"keyword":"And "},{"result":{"status":"skipped"},"line":44,"name":"User edit name board","match":{"location":"stepDev.stepBoard.userEditNameBoard()"},"keyword":"And "},{"result":{"duration":1000000,"status":"skipped"},"line":45,"name":"User successfully edit name board","match":{"location":"stepDev.stepBoard.userSuccessfullyEditNameBoard()"},"keyword":"Then "}],"tags":[{"name":"@Test-Board"},{"name":"@TC-37-Edit-name-board"}]},{"line":3,"name":"User has logged in staging cicle apps","description":"","type":"background","keyword":"Background","steps":[]},{"start_timestamp":"2022-12-02T10:00:33.656Z","line":49,"name":"Invalid edit name board","description":"","id":"test-board-in-staging-cicle-apps;invalid-edit-name-board","type":"scenario","keyword":"Scenario","steps":[{"result":{"error_message":"org.openqa.selenium.WebDriverException: unknown error: Chrome failed to start: exited normally.\n  (unknown error: DevToolsActivePort file doesn't exist)\n  (The process started from chrome location C:\\Program Files\\Google\\Chrome\\Application\\chrome.exe is no longer running, so ChromeDriver is assuming that Chrome has crashed.)\nBuild info: version: '3.141.59', revision: 'e82be7d358', time: '2018-11-14T08:17:03'\nSystem info: host: 'DESKTOP-8BH271D', ip: '172.20.10.12', os.name: 'Windows 10', os.arch: 'amd64', os.version: '10.0', java.version: '1.8.0_341'\nDriver info: driver.version: ChromeDriver\nremote stacktrace: Backtrace:\n\t(No symbol) [0x0079F243]\n\t(No symbol) [0x00727FD1]\n\t(No symbol) [0x0061D04D]\n\t(No symbol) [0x0063C24E]\n\t(No symbol) [0x006382E9]\n\t(No symbol) [0x0066F056]\n\t(No symbol) [0x0066EB2A]\n\t(No symbol) [0x00668386]\n\t(No symbol) [0x0064163C]\n\t(No symbol) [0x0064269D]\n\tGetHandleVerifier [0x00A39A22+2655074]\n\tGetHandleVerifier [0x00A2CA24+2601828]\n\tGetHandleVerifier [0x00848C0A+619850]\n\tGetHandleVerifier [0x00847830+614768]\n\t(No symbol) [0x007305FC]\n\t(No symbol) [0x00735968]\n\t(No symbol) [0x00735A55]\n\t(No symbol) [0x0074051B]\n\tBaseThreadInitThunk [0x777CFEF9+25]\n\tRtlGetAppContainerNamedObjectPath [0x77977BBE+286]\n\tRtlGetAppContainerNamedObjectPath [0x77977B8E+238]\n\r\n\tat sun.reflect.NativeConstructorAccessorImpl.newInstance0(Native Method)\r\n\tat sun.reflect.NativeConstructorAccessorImpl.newInstance(NativeConstructorAccessorImpl.java:62)\r\n\tat sun.reflect.DelegatingConstructorAccessorImpl.newInstance(DelegatingConstructorAccessorImpl.java:45)\r\n\tat java.lang.reflect.Constructor.newInstance(Constructor.java:423)\r\n\tat org.openqa.selenium.remote.W3CHandshakeResponse.lambda$errorHandler$0(W3CHandshakeResponse.java:62)\r\n\tat org.openqa.selenium.remote.HandshakeResponse.lambda$getResponseFunction$0(HandshakeResponse.java:30)\r\n\tat org.openqa.selenium.remote.ProtocolHandshake.lambda$createSession$0(ProtocolHandshake.java:126)\r\n\tat java.util.stream.ReferencePipeline$3$1.accept(ReferencePipeline.java:193)\r\n\tat java.util.Spliterators$ArraySpliterator.tryAdvance(Spliterators.java:958)\r\n\tat java.util.stream.ReferencePipeline.forEachWithCancel(ReferencePipeline.java:126)\r\n\tat java.util.stream.AbstractPipeline.copyIntoWithCancel(AbstractPipeline.java:499)\r\n\tat java.util.stream.AbstractPipeline.copyInto(AbstractPipeline.java:486)\r\n\tat java.util.stream.AbstractPipeline.wrapAndCopyInto(AbstractPipeline.java:472)\r\n\tat java.util.stream.FindOps$FindOp.evaluateSequential(FindOps.java:152)\r\n\tat java.util.stream.AbstractPipeline.evaluate(AbstractPipeline.java:234)\r\n\tat java.util.stream.ReferencePipeline.findFirst(ReferencePipeline.java:464)\r\n\tat org.openqa.selenium.remote.ProtocolHandshake.createSession(ProtocolHandshake.java:128)\r\n\tat org.openqa.selenium.remote.ProtocolHandshake.createSession(ProtocolHandshake.java:74)\r\n\tat org.openqa.selenium.remote.HttpCommandExecutor.execute(HttpCommandExecutor.java:136)\r\n\tat org.openqa.selenium.remote.service.DriverCommandExecutor.execute(DriverCommandExecutor.java:83)\r\n\tat org.openqa.selenium.remote.RemoteWebDriver.execute(RemoteWebDriver.java:552)\r\n\tat org.openqa.selenium.remote.RemoteWebDriver.startSession(RemoteWebDriver.java:213)\r\n\tat org.openqa.selenium.remote.RemoteWebDriver.<init>(RemoteWebDriver.java:131)\r\n\tat org.openqa.selenium.chrome.ChromeDriver.<init>(ChromeDriver.java:181)\r\n\tat org.openqa.selenium.chrome.ChromeDriver.<init>(ChromeDriver.java:168)\r\n\tat org.openqa.selenium.chrome.ChromeDriver.<init>(ChromeDriver.java:157)\r\n\tat com.qori.base.TestBase.initialization(TestBase.java:47)\r\n\tat stepDev.stepBoard.userNavigateToBoardMenu(stepBoard.java:18)\r\n\tat ✽.User navigate to board menu(file:///D:/Qori/QA/JAVA/Maven/bigproject-cilsy/src/test/resources/features/board.feature:50)\r\n","duration":983000000,"status":"failed"},"line":50,"name":"User navigate to board menu","match":{"location":"stepDev.stepBoard.userNavigateToBoardMenu()"},"keyword":"Given "},{"result":{"duration":1000000,"status":"skipped"},"line":51,"name":"User click name board","match":{"location":"stepDev.stepBoard.userClickNameBoard()"},"keyword":"When "},{"result":{"duration":2000000,"status":"skipped"},"line":52,"name":"User clear text name","match":{"location":"stepDev.stepBoard.userClearTextName()"},"keyword":"And "},{"result":{"duration":1000000,"status":"skipped"},"line":53,"name":"User edit name with many character","match":{"location":"stepDev.stepBoard.userEditNameWithManyCharacter()"},"keyword":"And "},{"result":{"duration":1000000,"status":"skipped"},"line":54,"name":"User successfully edit name board","match":{"location":"stepDev.stepBoard.userSuccessfullyEditNameBoard()"},"keyword":"Then "}],"tags":[{"name":"@Test-Board"},{"name":"@TC-36-Edit-name-with-tomuchchara"}]},{"line":3,"name":"User has logged in staging cicle apps","description":"","type":"background","keyword":"Background","steps":[]},{"start_timestamp":"2022-12-02T10:00:34.684Z","line":58,"name":"Add comment in card","description":"","id":"test-board-in-staging-cicle-apps;add-comment-in-card","type":"scenario","keyword":"Scenario","steps":[{"result":{"error_message":"org.openqa.selenium.WebDriverException: unknown error: Chrome failed to start: exited normally.\n  (unknown error: DevToolsActivePort file doesn't exist)\n  (The process started from chrome location C:\\Program Files\\Google\\Chrome\\Application\\chrome.exe is no longer running, so ChromeDriver is assuming that Chrome has crashed.)\nBuild info: version: '3.141.59', revision: 'e82be7d358', time: '2018-11-14T08:17:03'\nSystem info: host: 'DESKTOP-8BH271D', ip: '172.20.10.12', os.name: 'Windows 10', os.arch: 'amd64', os.version: '10.0', java.version: '1.8.0_341'\nDriver info: driver.version: ChromeDriver\nremote stacktrace: Backtrace:\n\t(No symbol) [0x0079F243]\n\t(No symbol) [0x00727FD1]\n\t(No symbol) [0x0061D04D]\n\t(No symbol) [0x0063C24E]\n\t(No symbol) [0x006382E9]\n\t(No symbol) [0x0066F056]\n\t(No symbol) [0x0066EB2A]\n\t(No symbol) [0x00668386]\n\t(No symbol) [0x0064163C]\n\t(No symbol) [0x0064269D]\n\tGetHandleVerifier [0x00A39A22+2655074]\n\tGetHandleVerifier [0x00A2CA24+2601828]\n\tGetHandleVerifier [0x00848C0A+619850]\n\tGetHandleVerifier [0x00847830+614768]\n\t(No symbol) [0x007305FC]\n\t(No symbol) [0x00735968]\n\t(No symbol) [0x00735A55]\n\t(No symbol) [0x0074051B]\n\tBaseThreadInitThunk [0x777CFEF9+25]\n\tRtlGetAppContainerNamedObjectPath [0x77977BBE+286]\n\tRtlGetAppContainerNamedObjectPath [0x77977B8E+238]\n\r\n\tat sun.reflect.NativeConstructorAccessorImpl.newInstance0(Native Method)\r\n\tat sun.reflect.NativeConstructorAccessorImpl.newInstance(NativeConstructorAccessorImpl.java:62)\r\n\tat sun.reflect.DelegatingConstructorAccessorImpl.newInstance(DelegatingConstructorAccessorImpl.java:45)\r\n\tat java.lang.reflect.Constructor.newInstance(Constructor.java:423)\r\n\tat org.openqa.selenium.remote.W3CHandshakeResponse.lambda$errorHandler$0(W3CHandshakeResponse.java:62)\r\n\tat org.openqa.selenium.remote.HandshakeResponse.lambda$getResponseFunction$0(HandshakeResponse.java:30)\r\n\tat org.openqa.selenium.remote.ProtocolHandshake.lambda$createSession$0(ProtocolHandshake.java:126)\r\n\tat java.util.stream.ReferencePipeline$3$1.accept(ReferencePipeline.java:193)\r\n\tat java.util.Spliterators$ArraySpliterator.tryAdvance(Spliterators.java:958)\r\n\tat java.util.stream.ReferencePipeline.forEachWithCancel(ReferencePipeline.java:126)\r\n\tat java.util.stream.AbstractPipeline.copyIntoWithCancel(AbstractPipeline.java:499)\r\n\tat java.util.stream.AbstractPipeline.copyInto(AbstractPipeline.java:486)\r\n\tat java.util.stream.AbstractPipeline.wrapAndCopyInto(AbstractPipeline.java:472)\r\n\tat java.util.stream.FindOps$FindOp.evaluateSequential(FindOps.java:152)\r\n\tat java.util.stream.AbstractPipeline.evaluate(AbstractPipeline.java:234)\r\n\tat java.util.stream.ReferencePipeline.findFirst(ReferencePipeline.java:464)\r\n\tat org.openqa.selenium.remote.ProtocolHandshake.createSession(ProtocolHandshake.java:128)\r\n\tat org.openqa.selenium.remote.ProtocolHandshake.createSession(ProtocolHandshake.java:74)\r\n\tat org.openqa.selenium.remote.HttpCommandExecutor.execute(HttpCommandExecutor.java:136)\r\n\tat org.openqa.selenium.remote.service.DriverCommandExecutor.execute(DriverCommandExecutor.java:83)\r\n\tat org.openqa.selenium.remote.RemoteWebDriver.execute(RemoteWebDriver.java:552)\r\n\tat org.openqa.selenium.remote.RemoteWebDriver.startSession(RemoteWebDriver.java:213)\r\n\tat org.openqa.selenium.remote.RemoteWebDriver.<init>(RemoteWebDriver.java:131)\r\n\tat org.openqa.selenium.chrome.ChromeDriver.<init>(ChromeDriver.java:181)\r\n\tat org.openqa.selenium.chrome.ChromeDriver.<init>(ChromeDriver.java:168)\r\n\tat org.openqa.selenium.chrome.ChromeDriver.<init>(ChromeDriver.java:157)\r\n\tat com.qori.base.TestBase.initialization(TestBase.java:47)\r\n\tat stepDev.stepBoard.userNavigateToBoardMenu(stepBoard.java:18)\r\n\tat ✽.User navigate to board menu(file:///D:/Qori/QA/JAVA/Maven/bigproject-cilsy/src/test/resources/features/board.feature:59)\r\n","duration":937000000,"status":"failed"},"line":59,"name":"User navigate to board menu","match":{"location":"stepDev.stepBoard.userNavigateToBoardMenu()"},"keyword":"Given "},{"result":{"duration":1000000,"status":"skipped"},"line":60,"name":"User click card","match":{"location":"stepDev.stepBoard.userClickCard()"},"keyword":"When "},{"result":{"status":"skipped"},"line":61,"name":"User click comment board","match":{"location":"stepDev.stepBoard.userClickCommentBoard()"},"keyword":"And "},{"result":{"status":"skipped"},"line":62,"name":"User input comment board","match":{"location":"stepDev.stepBoard.userInputCommentBoard()"},"keyword":"And "},{"result":{"duration":1000000,"status":"skipped"},"line":63,"name":"User click button post","match":{"location":"stepDev.stepBoard.userClickButtonPost()"},"keyword":"And "},{"result":{"duration":1000000,"status":"skipped"},"line":64,"name":"User successfully comment board","match":{"location":"stepDev.stepBoard.userSuccessfullyCommentBoard()"},"keyword":"Then "}],"tags":[{"name":"@Test-Board"},{"name":"@TC_06-Add-comment-in-card"}]}],"name":"Test Board in Staging Cicle Apps","description":"","id":"test-board-in-staging-cicle-apps","keyword":"Feature","uri":"file:src/test/resources/features/board.feature","tags":[{"name":"@Test-Board","type":"Tag","location":{"line":1,"column":1}}]}]